[debug] [2025-04-28T09:20:08.027Z] ----------------------------------------------------------------------
[debug] [2025-04-28T09:20:08.030Z] Command:       C:\Program Files\nodejs\node.exe C:\Program Files\nodejs\node_modules\firebase-tools\lib\bin\firebase.js init
[debug] [2025-04-28T09:20:08.030Z] CLI Version:   14.2.1
[debug] [2025-04-28T09:20:08.031Z] Platform:      win32
[debug] [2025-04-28T09:20:08.031Z] Node Version:  v22.7.0
[debug] [2025-04-28T09:20:08.031Z] Time:          Mon Apr 28 2025 14:50:08 GMT+0530 (India Standard Time)
[debug] [2025-04-28T09:20:08.031Z] ----------------------------------------------------------------------
[debug] 
[debug] [2025-04-28T09:20:08.039Z] > command requires scopes: ["email","openid","https://www.googleapis.com/auth/cloudplatformprojects.readonly","https://www.googleapis.com/auth/firebase","https://www.googleapis.com/auth/cloud-platform"]
[debug] [2025-04-28T09:20:08.039Z] > authorizing via signed-in user (sayyedasif444@gmail.com)
[info] 
     ######## #### ########  ######## ########     ###     ######  ########
     ##        ##  ##     ## ##       ##     ##  ##   ##  ##       ##
     ######    ##  ########  ######   ########  #########  ######  ######
     ##        ##  ##    ##  ##       ##     ## ##     ##       ## ##
     ##       #### ##     ## ######## ########  ##     ##  ######  ########

You're about to initialize a Firebase project in this directory:

  C:\xampp\htdocs\Personal\dev&debate

Before we get started, keep in mind:

  * You are currently outside your home directory

